<?xml version="1.0" encoding="UTF-8"?>
<testsuite xmlns:xsi="http://www.w3.org/2001/XMLSchema-instance" xsi:noNamespaceSchemaLocation="https://maven.apache.org/surefire/maven-surefire-plugin/xsd/surefire-test-report.xsd" name="com.example.JournalTest" time="0" tests="2" errors="0" skipped="0" failures="0">
  <properties>
    <property name="sun.desktop" value="gnome"/>
    <property name="awt.toolkit" value="sun.awt.X11.XToolkit"/>
    <property name="java.specification.version" value="11"/>
    <property name="sun.cpu.isalist" value=""/>
    <property name="sun.jnu.encoding" value="UTF-8"/>
    <property name="java.class.path" value="/home/msk/Projects/school/FH-SEM4-TDD-Workshop-NoteTakeingTool/target/test-classes:/home/msk/Projects/school/FH-SEM4-TDD-Workshop-NoteTakeingTool/target/classes:/home/msk/.m2/repository/org/junit/jupiter/junit-jupiter-api/5.7.1/junit-jupiter-api-5.7.1.jar:/home/msk/.m2/repository/org/apiguardian/apiguardian-api/1.1.0/apiguardian-api-1.1.0.jar:/home/msk/.m2/repository/org/opentest4j/opentest4j/1.2.0/opentest4j-1.2.0.jar:/home/msk/.m2/repository/org/junit/platform/junit-platform-commons/1.7.1/junit-platform-commons-1.7.1.jar:/home/msk/.m2/repository/org/junit/jupiter/junit-jupiter-engine/5.7.1/junit-jupiter-engine-5.7.1.jar:/home/msk/.m2/repository/org/junit/platform/junit-platform-engine/1.7.1/junit-platform-engine-1.7.1.jar:/home/msk/.m2/repository/org/junit/jupiter/junit-jupiter-params/5.7.1/junit-jupiter-params-5.7.1.jar:/home/msk/.m2/repository/org/jetbrains/annotations/21.0.1/annotations-21.0.1.jar:"/>
    <property name="java.vm.vendor" value="Amazon.com Inc."/>
    <property name="sun.arch.data.model" value="64"/>
    <property name="java.vendor.url" value="https://aws.amazon.com/corretto/"/>
    <property name="user.timezone" value=""/>
    <property name="historyOutputFile" value="target/fasterPitMutationTesting-history.txt"/>
    <property name="java.vm.specification.version" value="11"/>
    <property name="os.name" value="Linux"/>
    <property name="sun.java.launcher" value="SUN_STANDARD"/>
    <property name="user.country" value="US"/>
    <property name="sun.boot.library.path" value="/home/msk/.jdks/corretto-11.0.11/lib"/>
    <property name="sun.java.command" value="/home/msk/Projects/school/FH-SEM4-TDD-Workshop-NoteTakeingTool/target/surefire/surefirebooter16187566369847221290.jar /home/msk/Projects/school/FH-SEM4-TDD-Workshop-NoteTakeingTool/target/surefire 2021-06-01T18-04-57_802-jvmRun1 surefire6259115538053790886tmp surefire_01030271146144925408tmp"/>
    <property name="jdk.debug" value="release"/>
    <property name="surefire.test.class.path" value="/home/msk/Projects/school/FH-SEM4-TDD-Workshop-NoteTakeingTool/target/test-classes:/home/msk/Projects/school/FH-SEM4-TDD-Workshop-NoteTakeingTool/target/classes:/home/msk/.m2/repository/org/junit/jupiter/junit-jupiter-api/5.7.1/junit-jupiter-api-5.7.1.jar:/home/msk/.m2/repository/org/apiguardian/apiguardian-api/1.1.0/apiguardian-api-1.1.0.jar:/home/msk/.m2/repository/org/opentest4j/opentest4j/1.2.0/opentest4j-1.2.0.jar:/home/msk/.m2/repository/org/junit/platform/junit-platform-commons/1.7.1/junit-platform-commons-1.7.1.jar:/home/msk/.m2/repository/org/junit/jupiter/junit-jupiter-engine/5.7.1/junit-jupiter-engine-5.7.1.jar:/home/msk/.m2/repository/org/junit/platform/junit-platform-engine/1.7.1/junit-platform-engine-1.7.1.jar:/home/msk/.m2/repository/org/junit/jupiter/junit-jupiter-params/5.7.1/junit-jupiter-params-5.7.1.jar:/home/msk/.m2/repository/org/jetbrains/annotations/21.0.1/annotations-21.0.1.jar:"/>
    <property name="sun.cpu.endian" value="little"/>
    <property name="user.home" value="/home/msk"/>
    <property name="user.language" value="en"/>
    <property name="java.specification.vendor" value="Oracle Corporation"/>
    <property name="java.version.date" value="2021-04-20"/>
    <property name="java.home" value="/home/msk/.jdks/corretto-11.0.11"/>
    <property name="file.separator" value="/"/>
    <property name="basedir" value="/home/msk/Projects/school/FH-SEM4-TDD-Workshop-NoteTakeingTool"/>
    <property name="java.vm.compressedOopsMode" value="Zero based"/>
    <property name="line.separator" value="&#10;"/>
    <property name="java.specification.name" value="Java Platform API Specification"/>
    <property name="java.vm.specification.vendor" value="Oracle Corporation"/>
    <property name="java.awt.graphicsenv" value="sun.awt.X11GraphicsEnvironment"/>
    <property name="surefire.real.class.path" value="/home/msk/Projects/school/FH-SEM4-TDD-Workshop-NoteTakeingTool/target/surefire/surefirebooter16187566369847221290.jar"/>
    <property name="sonar.pitest.mode" value="reuseReport"/>
    <property name="sun.management.compiler" value="HotSpot 64-Bit Tiered Compilers"/>
    <property name="java.runtime.version" value="11.0.11+9-LTS"/>
    <property name="user.name" value="msk"/>
    <property name="path.separator" value=":"/>
    <property name="historyInputFile" value="target/fasterPitMutationTesting-history.txt"/>
    <property name="os.version" value="5.11.0-7614-generic"/>
    <property name="java.runtime.name" value="OpenJDK Runtime Environment"/>
    <property name="file.encoding" value="UTF-8"/>
    <property name="java.vm.name" value="OpenJDK 64-Bit Server VM"/>
    <property name="java.vendor.version" value="Corretto-11.0.11.9.1"/>
    <property name="localRepository" value="/home/msk/.m2/repository"/>
    <property name="java.vendor.url.bug" value="https://github.com/corretto/corretto-11/issues/"/>
    <property name="java.io.tmpdir" value="/tmp"/>
    <property name="idea.version" value="2021.1.1"/>
    <property name="java.version" value="11.0.11"/>
    <property name="user.dir" value="/home/msk/Projects/school/FH-SEM4-TDD-Workshop-NoteTakeingTool"/>
    <property name="os.arch" value="amd64"/>
    <property name="threads" value="4"/>
    <property name="java.vm.specification.name" value="Java Virtual Machine Specification"/>
    <property name="java.awt.printerjob" value="sun.print.PSPrinterJob"/>
    <property name="sun.os.patch.level" value="unknown"/>
    <property name="java.library.path" value="/usr/java/packages/lib:/usr/lib64:/lib64:/lib:/usr/lib"/>
    <property name="java.vm.info" value="mixed mode"/>
    <property name="java.vendor" value="Amazon.com Inc."/>
    <property name="java.vm.version" value="11.0.11+9-LTS"/>
    <property name="sun.io.unicode.encoding" value="UnicodeLittle"/>
    <property name="timestampedReports" value="false"/>
    <property name="java.class.version" value="55.0"/>
  </properties>
  <testcase name="ensureIfMultipleNotesAreAddedTheyAreInTheJournal" classname="com.example.JournalTest" time="0"/>
  <testcase name="ensureACreatedNoteIsAddedToAJournal" classname="com.example.JournalTest" time="0"/>
</testsuite>